#
# There is insufficient memory for the Java Runtime Environment to continue.
# Native memory allocation (malloc) failed to allocate 79175680 bytes for committing reserved memory.
# Possible reasons:
#   The system is out of physical RAM or swap space
#   In 32 bit mode, the process size limit was hit
# Possible solutions:
#   Reduce memory load on the system
#   Increase physical memory or swap space
#   Check if swap backing store is full
#   Use 64 bit Java on a 64 bit OS
#   Decrease Java heap size (-Xmx/-Xms)
#   Decrease number of Java threads
#   Decrease Java thread stack sizes (-Xss)
#   Set larger code cache with -XX:ReservedCodeCacheSize=
# This output file may be truncated or incomplete.
#
#  Out of Memory Error (os_linux.cpp:2745), pid=24841, tid=139903497361152
#
# JRE version: Java(TM) SE Runtime Environment (7.0_67-b01) (build 1.7.0_67-b01)
# Java VM: Java HotSpot(TM) 64-Bit Server VM (24.65-b04 mixed mode linux-amd64 compressed oops)
# Failed to write core dump. Core dumps have been disabled. To enable core dumping, try "ulimit -c unlimited" before starting Java again
#

---------------  T H R E A D  ---------------

Current thread (0x00007f3dcc089800):  VMThread [stack: 0x00007f3dd2335000,0x00007f3dd2436000] [id=24845]

Stack: [0x00007f3dd2335000,0x00007f3dd2436000],  sp=0x00007f3dd2434410,  free space=1021k
Native frames: (J=compiled Java code, j=interpreted, Vv=VM code, C=native code)
V  [libjvm.so+0x99eb8a]  VMError::report_and_die()+0x2ea
V  [libjvm.so+0x49721b]  report_vm_out_of_memory(char const*, int, unsigned long, char const*)+0x9b
V  [libjvm.so+0x81d9ae]  os::Linux::commit_memory_impl(char*, unsigned long, bool)+0xfe
V  [libjvm.so+0x81def9]  os::pd_commit_memory(char*, unsigned long, unsigned long, bool)+0x29
V  [libjvm.so+0x817caa]  os::commit_memory(char*, unsigned long, unsigned long, bool)+0x2a
V  [libjvm.so+0x99a399]  VirtualSpace::expand_by(unsigned long, bool)+0x1c9
V  [libjvm.so+0x577975]  OneContigSpaceCardGeneration::grow_by(unsigned long)+0x25
V  [libjvm.so+0x577d3f]  CardGeneration::expand(unsigned long, unsigned long)+0x6f
V  [libjvm.so+0x577dee]  OneContigSpaceCardGeneration::expand(unsigned long, unsigned long)+0x3e
V  [libjvm.so+0x56a9c4]  GenCollectedHeap::do_collection(bool, bool, unsigned long, bool, int)+0x754
V  [libjvm.so+0x56afc7]  GenCollectedHeap::do_full_collection(bool, int)+0x47
V  [libjvm.so+0x99fa20]  VM_GenCollectForPermanentAllocation::doit()+0x170
V  [libjvm.so+0x9a78b5]  VM_Operation::evaluate()+0x55
V  [libjvm.so+0x9a5c7a]  VMThread::evaluate_operation(VM_Operation*)+0xba
V  [libjvm.so+0x9a5ffe]  VMThread::loop()+0x1ce
V  [libjvm.so+0x9a6470]  VMThread::run()+0x70
V  [libjvm.so+0x81f988]  java_start(Thread*)+0x108

VM_Operation (0x00007f3dc84eedd0): GenCollectForPermanentAllocation, mode: safepoint, requested by thread 0x00007f3da800a000


---------------  P R O C E S S  ---------------

Java Threads: ( => current thread )
  0x00007f3da800c000 JavaThread "http-bio-8080-exec-10" daemon [_thread_in_native, id=24914, stack(0x00007f3dc82f3000,0x00007f3dc83f4000)]
  0x00007f3da800a000 JavaThread "http-bio-8080-exec-9" daemon [_thread_blocked, id=24913, stack(0x00007f3dc83f4000,0x00007f3dc84f5000)]
  0x00007f3da8008800 JavaThread "http-bio-8080-exec-8" daemon [_thread_blocked, id=24912, stack(0x00007f3dc84f5000,0x00007f3dc85f6000)]
  0x00007f3da8007800 JavaThread "http-bio-8080-exec-7" daemon [_thread_in_native, id=24911, stack(0x00007f3dd07a1000,0x00007f3dd08a2000)]
  0x00007f3dc418f000 JavaThread "http-bio-8080-exec-6" daemon [_thread_blocked, id=24910, stack(0x00007f3dd06a0000,0x00007f3dd07a1000)]
  0x00007f3dbc087800 JavaThread "http-bio-8080-exec-5" daemon [_thread_in_native, id=24909, stack(0x00007f3dc85f6000,0x00007f3dc86f7000)]
  0x00007f3da8006000 JavaThread "http-bio-8080-exec-4" daemon [_thread_in_native, id=24908, stack(0x00007f3dc86f7000,0x00007f3dc87f8000)]
  0x00007f3db89d3000 JavaThread "Thread-10" daemon [_thread_in_native, id=24905, stack(0x00007f3dc87f8000,0x00007f3dc88f9000)]
  0x00007f3dad396000 JavaThread "http-bio-8080-exec-3" daemon [_thread_blocked, id=24904, stack(0x00007f3dc88f9000,0x00007f3dc89fa000)]
  0x00007f3dcc00c800 JavaThread "DestroyJavaVM" [_thread_blocked, id=24844, stack(0x00007f3dd59b9000,0x00007f3dd5aba000)]
  0x00007f3dcc1b9800 JavaThread "Thread-8" [_thread_blocked, id=24902, stack(0x00007f3dc89fa000,0x00007f3dc8afb000)]
  0x00007f3da8004000 JavaThread "http-bio-8080-exec-2" daemon [_thread_in_native, id=24901, stack(0x00007f3dc8afb000,0x00007f3dc8bfc000)]
  0x00007f3da8003000 JavaThread "http-bio-8080-exec-1" daemon [_thread_blocked, id=24900, stack(0x00007f3dc8bfc000,0x00007f3dc8cfd000)]
  0x00007f3dcc1b9000 JavaThread "http-bio-8080-AsyncTimeout" daemon [_thread_blocked, id=24899, stack(0x00007f3dc8cfd000,0x00007f3dc8dfe000)]
  0x00007f3dccbd4800 JavaThread "http-bio-8080-Acceptor-0" daemon [_thread_in_native, id=24898, stack(0x00007f3dc8dfe000,0x00007f3dc8eff000)]
  0x00007f3dcc31e000 JavaThread "ContainerBackgroundProcessor[StandardEngine[Tomcat]]" daemon [_thread_blocked, id=24897, stack(0x00007f3dc8eff000,0x00007f3dc9000000)]
  0x00007f3d8c7d8000 JavaThread "org.hibernate.cache.internal.StandardQueryCache.data" daemon [_thread_blocked, id=24896, stack(0x00007f3dd009a000,0x00007f3dd019b000)]
  0x00007f3d8c7cf800 JavaThread "org.hibernate.cache.spi.UpdateTimestampsCache.data" daemon [_thread_blocked, id=24895, stack(0x00007f3dd019b000,0x00007f3dd029c000)]
  0x00007f3d8c7ed800 JavaThread "net.sf.ehcache.CacheManager@246a9344" daemon [_thread_blocked, id=24894, stack(0x00007f3dd029c000,0x00007f3dd039d000)]
  0x00007f3d8c8c6800 JavaThread "Abandoned connection cleanup thread" daemon [_thread_blocked, id=24891, stack(0x00007f3dd039d000,0x00007f3dd049e000)]
  0x00007f3d8c8b4000 JavaThread "PoolCleaner[818167552:1414451143479]" daemon [_thread_blocked, id=24890, stack(0x00007f3dd049e000,0x00007f3dd059f000)]
  0x00007f3d8c0ab000 JavaThread "FileSystemWatcher: files=#174 cl=groovy.lang.GroovyClassLoader@30c43f00" daemon [_thread_blocked, id=24888, stack(0x00007f3dd059f000,0x00007f3dd06a0000)]
  0x00007f3dccba3000 JavaThread "Thread-3" [_thread_in_native, id=24883, stack(0x00007f3dd0aaa000,0x00007f3dd0bab000)]
  0x00007f3dcc69e000 JavaThread "Thread-2" [_thread_blocked, id=24882, stack(0x00007f3dd0fa2000,0x00007f3dd10a3000)]
  0x00007f3dcc327000 JavaThread "NonBlockingInputStreamThread" daemon [_thread_blocked, id=24871, stack(0x00007f3dd14cd000,0x00007f3dd15ce000)]
  0x00007f3dcc192000 JavaThread "Service Thread" daemon [_thread_blocked, id=24853, stack(0x00007f3dd190d000,0x00007f3dd1a0e000)]
  0x00007f3dcc17f800 JavaThread "C2 CompilerThread1" daemon [_thread_blocked, id=24852, stack(0x00007f3dd1a0e000,0x00007f3dd1b0f000)]
  0x00007f3dcc188000 JavaThread "C2 CompilerThread0" daemon [_thread_blocked, id=24851, stack(0x00007f3dd1b0f000,0x00007f3dd1c10000)]
  0x00007f3dcc0af000 JavaThread "Signal Dispatcher" daemon [_thread_blocked, id=24848, stack(0x00007f3dd1d69000,0x00007f3dd1e6a000)]
  0x00007f3dcc08f800 JavaThread "Finalizer" daemon [_thread_blocked, id=24847, stack(0x00007f3dd2133000,0x00007f3dd2234000)]
  0x00007f3dcc08d800 JavaThread "Reference Handler" daemon [_thread_blocked, id=24846, stack(0x00007f3dd2234000,0x00007f3dd2335000)]

Other Threads:
=>0x00007f3dcc089800 VMThread [stack: 0x00007f3dd2335000,0x00007f3dd2436000] [id=24845]
  0x00007f3dcc19d000 WatcherThread [stack: 0x00007f3dd180c000,0x00007f3dd190d000] [id=24854]

VM state:at safepoint (normal execution)

VM Mutex/Monitor currently owned by a thread:  ([mutex/lock_event])
[0x00007f3dcc008a80] Threads_lock - owner thread: 0x00007f3dcc089800
[0x00007f3dcc008f80] Heap_lock - owner thread: 0x00007f3da800a000

Heap
 def new generation   total 175680K, used 0K [0x00000000c0000000, 0x00000000cbea0000, 0x00000000d0000000)
  eden space 156160K,   0% used [0x00000000c0000000, 0x00000000c0000000, 0x00000000c9880000)
  from space 19520K,   0% used [0x00000000c9880000, 0x00000000c9880000, 0x00000000cab90000)
  to   space 19520K,   0% used [0x00000000cab90000, 0x00000000cab90000, 0x00000000cbea0000)
 tenured generation   total 390332K, used 280590K [0x00000000d0000000, 0x00000000e7d2f000, 0x00000000f0000000)
   the space 390332K,  71% used [0x00000000d0000000, 0x00000000e12038c8, 0x00000000e1203a00, 0x00000000e7d2f000)
 compacting perm gen  total 113728K, used 113727K [0x00000000f0000000, 0x00000000f6f10000, 0x0000000100000000)
   the space 113728K,  99% used [0x00000000f0000000, 0x00000000f6f0ffe0, 0x00000000f6f10000, 0x00000000f6f10000)
No shared spaces configured.

Card table byte_map: [0x00007f3dd2893000,0x00007f3dd2a94000] byte_map_base: 0x00007f3dd2293000

Polling page: 0x00007f3dd5ace000

Code Cache  [0x00007f3dc9000000, 0x00007f3dc9e00000, 0x00007f3dcc000000)
 total_blobs=4729 nmethods=3820 adapters=860 free_code_cache=35022Kb largest_free_block=35690240

Compilation events (10 events):
Event: 231.746 Thread 0x00007f3dcc17f800 4301             org.codehaus.groovy.ast.ClassNode::isResolved (33 bytes)
Event: 231.748 Thread 0x00007f3dcc17f800 nmethod 4301 0x00007f3dc9de6b90 code [0x00007f3dc9de6d00, 0x00007f3dc9de6e88]
Event: 231.813 Thread 0x00007f3dcc17f800 4302             org.codehaus.groovy.ast.expr.ClosureExpression::getCode (5 bytes)
Event: 231.814 Thread 0x00007f3dcc17f800 nmethod 4302 0x00007f3dc9ddded0 code [0x00007f3dc9dde000, 0x00007f3dc9dde058]
Event: 231.821 Thread 0x00007f3dcc17f800 4303             org.codehaus.groovy.ast.CodeVisitorSupport::visitClosureExpression (9 bytes)
Event: 231.822 Thread 0x00007f3dcc17f800 nmethod 4303 0x00007f3dc9be6150 code [0x00007f3dc9be62a0, 0x00007f3dc9be6378]
Event: 231.971 Thread 0x00007f3dcc17f800 4304  s          java.io.ByteArrayInputStream::read (101 bytes)
Event: 231.976 Thread 0x00007f3dcc17f800 nmethod 4304 0x00007f3dc9de92d0 code [0x00007f3dc9de9420, 0x00007f3dc9de9a18]
Event: 232.030 Thread 0x00007f3dcc17f800 4305             org.codehaus.groovy.classgen.ClassCompletionVerifier::checkMethodsForOverridingFinal (124 bytes)
Event: 232.345 Thread 0x00007f3dcc17f800 nmethod 4305 0x00007f3dc9df3010 code [0x00007f3dc9df33c0, 0x00007f3dc9df4898]

GC Heap History (10 events):
Event: 222.774 GC heap after
Heap after GC invocations=347 (full 16):
 def new generation   total 175680K, used 6800K [0x00000000c0000000, 0x00000000cbea0000, 0x00000000d0000000)
  eden space 156160K,   0% used [0x00000000c0000000, 0x00000000c0000000, 0x00000000c9880000)
  from space 19520K,  34% used [0x00000000c9880000, 0x00000000c9f24100, 0x00000000cab90000)
  to   space 19520K,   0% used [0x00000000cab90000, 0x00000000cab90000, 0x00000000cbea0000)
 tenured generation   total 390332K, used 305876K [0x00000000d0000000, 0x00000000e7d2f000, 0x00000000f0000000)
   the space 390332K,  78% used [0x00000000d0000000, 0x00000000e2ab5090, 0x00000000e2ab5200, 0x00000000e7d2f000)
 compacting perm gen  total 113408K, used 113205K [0x00000000f0000000, 0x00000000f6ec0000, 0x0000000100000000)
   the space 113408K,  99% used [0x00000000f0000000, 0x00000000f6e8d460, 0x00000000f6e8d600, 0x00000000f6ec0000)
No shared spaces configured.
}
Event: 224.967 GC heap before
{Heap before GC invocations=347 (full 16):
 def new generation   total 175680K, used 162960K [0x00000000c0000000, 0x00000000cbea0000, 0x00000000d0000000)
  eden space 156160K, 100% used [0x00000000c0000000, 0x00000000c9880000, 0x00000000c9880000)
  from space 19520K,  34% used [0x00000000c9880000, 0x00000000c9f24100, 0x00000000cab90000)
  to   space 19520K,   0% used [0x00000000cab90000, 0x00000000cab90000, 0x00000000cbea0000)
 tenured generation   total 390332K, used 305876K [0x00000000d0000000, 0x00000000e7d2f000, 0x00000000f0000000)
   the space 390332K,  78% used [0x00000000d0000000, 0x00000000e2ab5090, 0x00000000e2ab5200, 0x00000000e7d2f000)
 compacting perm gen  total 113408K, used 113259K [0x00000000f0000000, 0x00000000f6ec0000, 0x0000000100000000)
   the space 113408K,  99% used [0x00000000f0000000, 0x00000000f6e9ace8, 0x00000000f6e9ae00, 0x00000000f6ec0000)
No shared spaces configured.
Event: 225.015 GC heap after
Heap after GC invocations=348 (full 16):
 def new generation   total 175680K, used 12917K [0x00000000c0000000, 0x00000000cbea0000, 0x00000000d0000000)
  eden space 156160K,   0% used [0x00000000c0000000, 0x00000000c0000000, 0x00000000c9880000)
  from space 19520K,  66% used [0x00000000cab90000, 0x00000000cb82d5a0, 0x00000000cbea0000)
  to   space 19520K,   0% used [0x00000000c9880000, 0x00000000c9880000, 0x00000000cab90000)
 tenured generation   total 390332K, used 305876K [0x00000000d0000000, 0x00000000e7d2f000, 0x00000000f0000000)
   the space 390332K,  78% used [0x00000000d0000000, 0x00000000e2ab5090, 0x00000000e2ab5200, 0x00000000e7d2f000)
 compacting perm gen  total 113408K, used 113259K [0x00000000f0000000, 0x00000000f6ec0000, 0x0000000100000000)
   the space 113408K,  99% used [0x00000000f0000000, 0x00000000f6e9ace8, 0x00000000f6e9ae00, 0x00000000f6ec0000)
No shared spaces configured.
}
Event: 226.444 GC heap before
{Heap before GC invocations=348 (full 16):
 def new generation   total 175680K, used 169077K [0x00000000c0000000, 0x00000000cbea0000, 0x00000000d0000000)
  eden space 156160K, 100% used [0x00000000c0000000, 0x00000000c9880000, 0x00000000c9880000)
  from space 19520K,  66% used [0x00000000cab90000, 0x00000000cb82d5a0, 0x00000000cbea0000)
  to   space 19520K,   0% used [0x00000000c9880000, 0x00000000c9880000, 0x00000000cab90000)
 tenured generation   total 390332K, used 305876K [0x00000000d0000000, 0x00000000e7d2f000, 0x00000000f0000000)
   the space 390332K,  78% used [0x00000000d0000000, 0x00000000e2ab5090, 0x00000000e2ab5200, 0x00000000e7d2f000)
 compacting perm gen  total 113408K, used 113266K [0x00000000f0000000, 0x00000000f6ec0000, 0x0000000100000000)
   the space 113408K,  99% used [0x00000000f0000000, 0x00000000f6e9c808, 0x00000000f6e9ca00, 0x00000000f6ec0000)
No shared spaces configured.
Event: 226.504 GC heap after
Heap after GC invocations=349 (full 16):
 def new generation   total 175680K, used 14163K [0x00000000c0000000, 0x00000000cbea0000, 0x00000000d0000000)
  eden space 156160K,   0% used [0x00000000c0000000, 0x00000000c0000000, 0x00000000c9880000)
  from space 19520K,  72% used [0x00000000c9880000, 0x00000000ca654c80, 0x00000000cab90000)
  to   space 19520K,   0% used [0x00000000cab90000, 0x00000000cab90000, 0x00000000cbea0000)
 tenured generation   total 390332K, used 309289K [0x00000000d0000000, 0x00000000e7d2f000, 0x00000000f0000000)
   the space 390332K,  79% used [0x00000000d0000000, 0x00000000e2e0a498, 0x00000000e2e0a600, 0x00000000e7d2f000)
 compacting perm gen  total 113408K, used 113266K [0x00000000f0000000, 0x00000000f6ec0000, 0x0000000100000000)
   the space 113408K,  99% used [0x00000000f0000000, 0x00000000f6e9c808, 0x00000000f6e9ca00, 0x00000000f6ec0000)
No shared spaces configured.
}
Event: 227.656 GC heap before
{Heap before GC invocations=349 (full 16):
 def new generation   total 175680K, used 170323K [0x00000000c0000000, 0x00000000cbea0000, 0x00000000d0000000)
  eden space 156160K, 100% used [0x00000000c0000000, 0x00000000c9880000, 0x00000000c9880000)
  from space 19520K,  72% used [0x00000000c9880000, 0x00000000ca654c80, 0x00000000cab90000)
  to   space 19520K,   0% used [0x00000000cab90000, 0x00000000cab90000, 0x00000000cbea0000)
 tenured generation   total 390332K, used 309289K [0x00000000d0000000, 0x00000000e7d2f000, 0x00000000f0000000)
   the space 390332K,  79% used [0x00000000d0000000, 0x00000000e2e0a498, 0x00000000e2e0a600, 0x00000000e7d2f000)
 compacting perm gen  total 113408K, used 113267K [0x00000000f0000000, 0x00000000f6ec0000, 0x0000000100000000)
   the space 113408K,  99% used [0x00000000f0000000, 0x00000000f6e9cd08, 0x00000000f6e9ce00, 0x00000000f6ec0000)
No shared spaces configured.
Event: 227.733 GC heap after
Heap after GC invocations=350 (full 16):
 def new generation   total 175680K, used 7119K [0x00000000c0000000, 0x00000000cbea0000, 0x00000000d0000000)
  eden space 156160K,   0% used [0x00000000c0000000, 0x00000000c0000000, 0x00000000c9880000)
  from space 19520K,  36% used [0x00000000cab90000, 0x00000000cb283c00, 0x00000000cbea0000)
  to   space 19520K,   0% used [0x00000000c9880000, 0x00000000c9880000, 0x00000000cab90000)
 tenured generation   total 390332K, used 318062K [0x00000000d0000000, 0x00000000e7d2f000, 0x00000000f0000000)
   the space 390332K,  81% used [0x00000000d0000000, 0x00000000e369bb30, 0x00000000e369bc00, 0x00000000e7d2f000)
 compacting perm gen  total 113408K, used 113267K [0x00000000f0000000, 0x00000000f6ec0000, 0x0000000100000000)
   the space 113408K,  99% used [0x00000000f0000000, 0x00000000f6e9cd08, 0x00000000f6e9ce00, 0x00000000f6ec0000)
No shared spaces configured.
}
Event: 231.900 GC heap before
{Heap before GC invocations=350 (full 16):
 def new generation   total 175680K, used 163279K [0x00000000c0000000, 0x00000000cbea0000, 0x00000000d0000000)
  eden space 156160K, 100% used [0x00000000c0000000, 0x00000000c9880000, 0x00000000c9880000)
  from space 19520K,  36% used [0x00000000cab90000, 0x00000000cb283c00, 0x00000000cbea0000)
  to   space 19520K,   0% used [0x00000000c9880000, 0x00000000c9880000, 0x00000000cab90000)
 tenured generation   total 390332K, used 318062K [0x00000000d0000000, 0x00000000e7d2f000, 0x00000000f0000000)
   the space 390332K,  81% used [0x00000000d0000000, 0x00000000e369bb30, 0x00000000e369bc00, 0x00000000e7d2f000)
 compacting perm gen  total 113728K, used 113498K [0x00000000f0000000, 0x00000000f6f10000, 0x0000000100000000)
   the space 113728K,  99% used [0x00000000f0000000, 0x00000000f6ed6a20, 0x00000000f6ed6c00, 0x00000000f6f10000)
No shared spaces configured.
Event: 231.926 GC heap after
Heap after GC invocations=351 (full 16):
 def new generation   total 175680K, used 8394K [0x00000000c0000000, 0x00000000cbea0000, 0x00000000d0000000)
  eden space 156160K,   0% used [0x00000000c0000000, 0x00000000c0000000, 0x00000000c9880000)
  from space 19520K,  43% used [0x00000000c9880000, 0x00000000ca0b2a70, 0x00000000cab90000)
  to   space 19520K,   0% used [0x00000000cab90000, 0x00000000cab90000, 0x00000000cbea0000)
 tenured generation   total 390332K, used 318062K [0x00000000d0000000, 0x00000000e7d2f000, 0x00000000f0000000)
   the space 390332K,  81% used [0x00000000d0000000, 0x00000000e369bb30, 0x00000000e369bc00, 0x00000000e7d2f000)
 compacting perm gen  total 113728K, used 113498K [0x00000000f0000000, 0x00000000f6f10000, 0x0000000100000000)
   the space 113728K,  99% used [0x00000000f0000000, 0x00000000f6ed6a20, 0x00000000f6ed6c00, 0x00000000f6f10000)
No shared spaces configured.
}
Event: 232.375 GC heap before
{Heap before GC invocations=351 (full 16):
 def new generation   total 175680K, used 29125K [0x00000000c0000000, 0x00000000cbea0000, 0x00000000d0000000)
  eden space 156160K,  13% used [0x00000000c0000000, 0x00000000c143ecb0, 0x00000000c9880000)
  from space 19520K,  43% used [0x00000000c9880000, 0x00000000ca0b2a70, 0x00000000cab90000)
  to   space 19520K,   0% used [0x00000000cab90000, 0x00000000cab90000, 0x00000000cbea0000)
 tenured generation   total 390332K, used 318062K [0x00000000d0000000, 0x00000000e7d2f000, 0x00000000f0000000)
   the space 390332K,  81% used [0x00000000d0000000, 0x00000000e369bb30, 0x00000000e369bc00, 0x00000000e7d2f000)
 compacting perm gen  total 113728K, used 113727K [0x00000000f0000000, 0x00000000f6f10000, 0x0000000100000000)
   the space 113728K,  99% used [0x00000000f0000000, 0x00000000f6f0ffe0, 0x00000000f6f10000, 0x00000000f6f10000)
No shared spaces configured.

Deoptimization events (10 events):
Event: 204.825 Thread 0x00007f3dbc087800 Uncommon trap: reason=unreached action=reinterpret pc=0x00007f3dc9730fe4 method=org.codehaus.groovy.classgen.asm.StatementWriter.writeStatementLabel(Lorg/codehaus/groovy/ast/stmt/Statement;)V @ 6
Event: 204.825 Thread 0x00007f3dbc087800 Uncommon trap: reason=class_check action=maybe_recompile pc=0x00007f3dc93d066c method=org.codehaus.groovy.ast.expr.ConstantExpression.getText()Ljava/lang/String; @ 16
Event: 205.468 Thread 0x00007f3dbc087800 Uncommon trap: reason=class_check action=maybe_recompile pc=0x00007f3dc959e8d4 method=org.codehaus.groovy.runtime.callsite.PogoMetaMethodSite.nonParamCheck(Ljava/lang/Object;)Z @ 7
Event: 205.468 Thread 0x00007f3dbc087800 Uncommon trap: reason=class_check action=maybe_recompile pc=0x00007f3dc959e8d4 method=org.codehaus.groovy.runtime.callsite.PogoMetaMethodSite.nonParamCheck(Ljava/lang/Object;)Z @ 7
Event: 205.572 Thread 0x00007f3dbc087800 Uncommon trap: reason=class_check action=maybe_recompile pc=0x00007f3dc959e8d4 method=org.codehaus.groovy.runtime.callsite.PogoMetaMethodSite.nonParamCheck(Ljava/lang/Object;)Z @ 7
Event: 205.621 Thread 0x00007f3dbc087800 Uncommon trap: reason=null_check action=make_not_entrant pc=0x00007f3dc946c830 method=java.util.AbstractSet.equals(Ljava/lang/Object;)Z @ 8
Event: 205.696 Thread 0x00007f3dbc087800 Uncommon trap: reason=class_check action=maybe_recompile pc=0x00007f3dc9694f58 method=org.codehaus.groovy.runtime.typehandling.DefaultTypeTransformation.castToNumber(Ljava/lang/Object;Ljava/lang/Class;)Ljava/lang/Number; @ 1
Event: 206.585 Thread 0x00007f3da8007800 Uncommon trap: reason=class_check action=maybe_recompile pc=0x00007f3dc9b7c0c8 method=sun.security.provider.DigestBase.engineUpdate([BII)V @ 128
Event: 221.742 Thread 0x00007f3da8008800 Uncommon trap: reason=class_check action=maybe_recompile pc=0x00007f3dc93d066c method=org.codehaus.groovy.ast.expr.ConstantExpression.getText()Ljava/lang/String; @ 16
Event: 225.017 Thread 0x00007f3dcc08f800 Uncommon trap: reason=unreached action=reinterpret pc=0x00007f3dc9730cf0 method=java.util.WeakHashMap$HashIterator.hasNext()Z @ 76

Internal exceptions (10 events):
Event: 231.780 Thread 0x00007f3da800a000 Threw 0x00000000c8d8c8c8 at /HUDSON/workspace/7u-2-build-linux-amd64/jdk7u67/1368/hotspot/src/share/vm/prims/jvm.cpp:1244
Event: 231.780 Thread 0x00007f3da800a000 Threw 0x00000000c8da6818 at /HUDSON/workspace/7u-2-build-linux-amd64/jdk7u67/1368/hotspot/src/share/vm/prims/jvm.cpp:1244
Event: 231.780 Thread 0x00007f3da800a000 Threw 0x00000000c8da7db8 at /HUDSON/workspace/7u-2-build-linux-amd64/jdk7u67/1368/hotspot/src/share/vm/prims/jvm.cpp:1244
Event: 231.781 Thread 0x00007f3da800a000 Threw 0x00000000c8db6760 at /HUDSON/workspace/7u-2-build-linux-amd64/jdk7u67/1368/hotspot/src/share/vm/prims/jvm.cpp:1244
Event: 231.781 Thread 0x00007f3da800a000 Threw 0x00000000c8db72a8 at /HUDSON/workspace/7u-2-build-linux-amd64/jdk7u67/1368/hotspot/src/share/vm/prims/jvm.cpp:1244
Event: 231.781 Thread 0x00007f3da800a000 Threw 0x00000000c8db9c40 at /HUDSON/workspace/7u-2-build-linux-amd64/jdk7u67/1368/hotspot/src/share/vm/prims/jvm.cpp:1244
Event: 231.781 Thread 0x00007f3da800a000 Threw 0x00000000c8dc3d68 at /HUDSON/workspace/7u-2-build-linux-amd64/jdk7u67/1368/hotspot/src/share/vm/prims/jvm.cpp:1244
Event: 231.782 Thread 0x00007f3da800a000 Threw 0x00000000c8dd9588 at /HUDSON/workspace/7u-2-build-linux-amd64/jdk7u67/1368/hotspot/src/share/vm/prims/jvm.cpp:1244
Event: 231.782 Thread 0x00007f3da800a000 Threw 0x00000000c8ddaaa0 at /HUDSON/workspace/7u-2-build-linux-amd64/jdk7u67/1368/hotspot/src/share/vm/prims/jvm.cpp:1244
Event: 231.783 Thread 0x00007f3da800a000 Threw 0x00000000c8de6c60 at /HUDSON/workspace/7u-2-build-linux-amd64/jdk7u67/1368/hotspot/src/share/vm/prims/jvm.cpp:1244

Events (10 events):
Event: 231.776 loading class 0x0000000000dc4920 done
Event: 231.777 loading class 0x0000000000dc4960
Event: 231.777 loading class 0x0000000000dc4960 done
Event: 231.779 loading class 0x0000000000dc49a0
Event: 231.779 loading class 0x0000000000dc49a0 done
Event: 231.781 loading class 0x0000000000d9f030
Event: 231.781 loading class 0x0000000000d9f030 done
Event: 231.885 Executing VM operation: GenCollectForAllocation
Event: 231.926 Executing VM operation: GenCollectForAllocation done
Event: 232.374 Executing VM operation: GenCollectForPermanentAllocation


Dynamic libraries:
00400000-00401000 r-xp 00000000 fc:00 673510                             /usr/lib/jvm/java-7-oracle/bin/java
00600000-00601000 rw-p 00000000 fc:00 673510                             /usr/lib/jvm/java-7-oracle/bin/java
00d9c000-00e5e000 rw-p 00000000 00:00 0                                  [heap]
c0000000-cbea0000 rw-p 00000000 00:00 0 
cbea0000-d0000000 rw-p 00000000 00:00 0 
d0000000-e7d2f000 rw-p 00000000 00:00 0 
ec8b1000-f0000000 rw-p 00000000 00:00 0 
f0000000-f6f10000 rw-p 00000000 00:00 0 
f6f10000-100000000 rw-p 00000000 00:00 0 
7f3d8c000000-7f3d8d037000 rw-p 00000000 00:00 0 
7f3d8d037000-7f3d90000000 ---p 00000000 00:00 0 
7f3d94000000-7f3d94021000 rw-p 00000000 00:00 0 
7f3d94021000-7f3d98000000 ---p 00000000 00:00 0 
7f3d98000000-7f3d98021000 rw-p 00000000 00:00 0 
7f3d98021000-7f3d9c000000 ---p 00000000 00:00 0 
7f3d9c000000-7f3d9c021000 rw-p 00000000 00:00 0 
7f3d9c021000-7f3da0000000 ---p 00000000 00:00 0 
7f3da0000000-7f3da0021000 rw-p 00000000 00:00 0 
7f3da0021000-7f3da4000000 ---p 00000000 00:00 0 
7f3da4000000-7f3da4021000 rw-p 00000000 00:00 0 
7f3da4021000-7f3da8000000 ---p 00000000 00:00 0 
7f3da8000000-7f3da8021000 rw-p 00000000 00:00 0 
7f3da8021000-7f3dac000000 ---p 00000000 00:00 0 
7f3dac000000-7f3dadd74000 rw-p 00000000 00:00 0 
7f3dadd74000-7f3db0000000 ---p 00000000 00:00 0 
7f3db0000000-7f3db0021000 rw-p 00000000 00:00 0 
7f3db0021000-7f3db4000000 ---p 00000000 00:00 0 
7f3db4000000-7f3db404f000 rw-p 00000000 00:00 0 
7f3db404f000-7f3db8000000 ---p 00000000 00:00 0 
7f3db8000000-7f3db9d43000 rw-p 00000000 00:00 0 
7f3db9d43000-7f3dbc000000 ---p 00000000 00:00 0 
7f3dbc000000-7f3dbc08a000 rw-p 00000000 00:00 0 
7f3dbc08a000-7f3dc0000000 ---p 00000000 00:00 0 
7f3dc0000000-7f3dc002f000 rw-p 00000000 00:00 0 
7f3dc002f000-7f3dc4000000 ---p 00000000 00:00 0 
7f3dc4000000-7f3dc4655000 rw-p 00000000 00:00 0 
7f3dc4655000-7f3dc8000000 ---p 00000000 00:00 0 
7f3dc80e1000-7f3dc80f3000 r-xp 00000000 fc:00 1455541                    /tmp/jffi6736826930778432353.tmp
7f3dc80f3000-7f3dc82f2000 ---p 00012000 fc:00 1455541                    /tmp/jffi6736826930778432353.tmp
7f3dc82f2000-7f3dc82f3000 rw-p 00011000 fc:00 1455541                    /tmp/jffi6736826930778432353.tmp
7f3dc82f3000-7f3dc82f6000 ---p 00000000 00:00 0 
7f3dc82f6000-7f3dc83f4000 rw-p 00000000 00:00 0                          [stack:24914]
7f3dc83f4000-7f3dc83f7000 ---p 00000000 00:00 0 
7f3dc83f7000-7f3dc84f5000 rw-p 00000000 00:00 0                          [stack:24913]
7f3dc84f5000-7f3dc84f8000 ---p 00000000 00:00 0 
7f3dc84f8000-7f3dc85f6000 rw-p 00000000 00:00 0                          [stack:24912]
7f3dc85f6000-7f3dc85f9000 ---p 00000000 00:00 0 
7f3dc85f9000-7f3dc86f7000 rw-p 00000000 00:00 0                          [stack:24909]
7f3dc86f7000-7f3dc86fa000 ---p 00000000 00:00 0 
7f3dc86fa000-7f3dc87f8000 rw-p 00000000 00:00 0                          [stack:24908]
7f3dc87f8000-7f3dc87fb000 ---p 00000000 00:00 0 
7f3dc87fb000-7f3dc88f9000 rw-p 00000000 00:00 0                          [stack:24905]
7f3dc88f9000-7f3dc88fc000 ---p 00000000 00:00 0 
7f3dc88fc000-7f3dc89fa000 rw-p 00000000 00:00 0                          [stack:24904]
7f3dc89fa000-7f3dc89fd000 ---p 00000000 00:00 0 
7f3dc89fd000-7f3dc8afb000 rw-p 00000000 00:00 0                          [stack:24902]
7f3dc8afb000-7f3dc8afe000 ---p 00000000 00:00 0 
7f3dc8afe000-7f3dc8bfc000 rw-p 00000000 00:00 0                          [stack:24901]
7f3dc8bfc000-7f3dc8bff000 ---p 00000000 00:00 0 
7f3dc8bff000-7f3dc8cfd000 rw-p 00000000 00:00 0                          [stack:24900]
7f3dc8cfd000-7f3dc8d00000 ---p 00000000 00:00 0 
7f3dc8d00000-7f3dc8dfe000 rw-p 00000000 00:00 0                          [stack:24899]
7f3dc8dfe000-7f3dc8e01000 ---p 00000000 00:00 0 
7f3dc8e01000-7f3dc8eff000 rw-p 00000000 00:00 0                          [stack:24898]
7f3dc8eff000-7f3dc8f02000 ---p 00000000 00:00 0 
7f3dc8f02000-7f3dc9000000 rw-p 00000000 00:00 0                          [stack:24897]
7f3dc9000000-7f3dc9e00000 rwxp 00000000 00:00 0 
7f3dc9e00000-7f3dcd01d000 rw-p 00000000 00:00 0 
7f3dcd01d000-7f3dd0000000 ---p 00000000 00:00 0 
7f3dd009a000-7f3dd009d000 ---p 00000000 00:00 0 
7f3dd009d000-7f3dd019b000 rw-p 00000000 00:00 0                          [stack:24896]
7f3dd019b000-7f3dd019e000 ---p 00000000 00:00 0 
7f3dd019e000-7f3dd029c000 rw-p 00000000 00:00 0                          [stack:24895]
7f3dd029c000-7f3dd029f000 ---p 00000000 00:00 0 
7f3dd029f000-7f3dd039d000 rw-p 00000000 00:00 0                          [stack:24894]
7f3dd039d000-7f3dd03a0000 ---p 00000000 00:00 0 
7f3dd03a0000-7f3dd049e000 rw-p 00000000 00:00 0                          [stack:24891]
7f3dd049e000-7f3dd04a1000 ---p 00000000 00:00 0 
7f3dd04a1000-7f3dd059f000 rw-p 00000000 00:00 0                          [stack:24890]
7f3dd059f000-7f3dd05a2000 ---p 00000000 00:00 0 
7f3dd05a2000-7f3dd06a0000 rw-p 00000000 00:00 0                          [stack:24888]
7f3dd06a0000-7f3dd06a3000 ---p 00000000 00:00 0 
7f3dd06a3000-7f3dd07a1000 rw-p 00000000 00:00 0                          [stack:24910]
7f3dd07a1000-7f3dd07a4000 ---p 00000000 00:00 0 
7f3dd07a4000-7f3dd08a2000 rw-p 00000000 00:00 0                          [stack:24911]
7f3dd08a2000-7f3dd08aa000 r-xp 00000000 fc:00 672857                     /usr/lib/jvm/java-7-oracle/jre/lib/amd64/libmanagement.so
7f3dd08aa000-7f3dd0aa9000 ---p 00008000 fc:00 672857                     /usr/lib/jvm/java-7-oracle/jre/lib/amd64/libmanagement.so
7f3dd0aa9000-7f3dd0aaa000 rw-p 00007000 fc:00 672857                     /usr/lib/jvm/java-7-oracle/jre/lib/amd64/libmanagement.so
7f3dd0aaa000-7f3dd0aad000 ---p 00000000 00:00 0 
7f3dd0aad000-7f3dd0bab000 rw-p 00000000 00:00 0                          [stack:24883]
7f3dd0bab000-7f3dd0cd1000 r--s 0138b000 fc:00 1454465                    /home/efuentesp/.m2/repository/org/jruby/jruby-complete/1.7.11/jruby-complete-1.7.11.jar
7f3dd0cd1000-7f3dd0cd6000 r--s 0002e000 fc:00 1706199                    /home/efuentesp/.gvm/grails/2.4.3/dist/grails-encoder-2.4.3.jar
7f3dd0cd6000-7f3dd0cdc000 r--s 00033000 fc:00 1705412                    /home/efuentesp/.gvm/grails/2.4.3/lib/commons-codec/commons-codec/jars/commons-codec-1.6.jar
7f3dd0cdc000-7f3dd0cde000 r--s 00012000 fc:00 1706262                    /home/efuentesp/.gvm/grails/2.4.3/dist/grails-plugin-codecs-2.4.3.jar
7f3dd0cde000-7f3dd0ce0000 r--s 0000c000 fc:00 1706871                    /home/efuentesp/.gvm/grails/2.4.3/dist/grails-web-gsp-taglib-2.4.3.jar
7f3dd0ce0000-7f3dd0ce6000 r--s 00058000 fc:00 1706409                    /home/efuentesp/.gvm/grails/2.4.3/dist/grails-plugin-gsp-2.4.3.jar
7f3dd0ce6000-7f3dd0ce8000 r--s 0000b000 fc:00 1706388                    /home/efuentesp/.gvm/grails/2.4.3/dist/grails-plugin-filters-2.4.3.jar
7f3dd0ce8000-7f3dd0ced000 r--s 00041000 fc:00 1705434                    /home/efuentesp/.gvm/grails/2.4.3/lib/commons-lang/commons-lang/jars/commons-lang-2.6.jar
7f3dd0ced000-7f3dd0cee000 r--s 00005000 fc:00 1706430                    /home/efuentesp/.gvm/grails/2.4.3/dist/grails-plugin-i18n-2.4.3.jar
7f3dd0cee000-7f3dd0cf3000 r--s 00017000 fc:00 1705764                    /home/efuentesp/.gvm/grails/2.4.3/lib/org.hibernate.javax.persistence/hibernate-jpa-2.1-api/jars/hibernate-jpa-2.1-api-1.0.0.Final.jar
7f3dd0cf3000-7f3dd0cf5000 r--s 00009000 fc:00 1706682                    /home/efuentesp/.gvm/grails/2.4.3/dist/grails-spring-2.4.3.jar
7f3dd0cf5000-7f3dd0cf7000 r--s 00000000 fc:00 1596683                    /home/efuentesp/.gvm/grails/2.4.3/lib/aopalliance/aopalliance/jars/aopalliance-1.0.jar
7f3dd0cf7000-7f3dd0d0b000 r--s 000db000 fc:00 1705858                    /home/efuentesp/.gvm/grails/2.4.3/lib/org.springframework/spring-core/jars/spring-core-4.0.6.RELEASE.jar
7f3dd0d0b000-7f3dd0d0e000 r--s 00041000 fc:00 1705921                    /home/efuentesp/.gvm/grails/2.4.3/lib/xalan/serializer/jars/serializer-2.7.1.jar
7f3dd0d0e000-7f3dd0d1a000 r--s 00098000 fc:00 1705843                    /home/efuentesp/.gvm/grails/2.4.3/lib/org.springframework/spring-beans/jars/spring-beans-4.0.6.RELEASE.jar
7f3dd0d1a000-7f3dd0d28000 r--s 000a8000 fc:00 1706136                    /home/efuentesp/.gvm/grails/2.4.3/dist/grails-core-2.4.3.jar
7f3dd0d28000-7f3dd0d29000 r--s 00005000 fc:00 1706325                    /home/efuentesp/.gvm/grails/2.4.3/dist/grails-plugin-databinding-2.4.3.jar
7f3dd0d29000-7f3dd0d2b000 r--s 00008000 fc:00 1706598                    /home/efuentesp/.gvm/grails/2.4.3/dist/grails-plugin-validation-2.4.3.jar
7f3dd0d2b000-7f3dd0d2f000 r--s 00020000 fc:00 1706283                    /home/efuentesp/.gvm/grails/2.4.3/dist/grails-plugin-controllers-2.4.3.jar
7f3dd0d2f000-7f3dd0d33000 r--s 00019000 fc:00 1705602                    /home/efuentesp/.gvm/grails/2.4.3/lib/org.aspectj/aspectjrt/jars/aspectjrt-1.8.1.jar
7f3dd0d33000-7f3dd0d3a000 r--s 0004f000 fc:00 1706850                    /home/efuentesp/.gvm/grails/2.4.3/dist/grails-web-gsp-2.4.3.jar
7f3dd0d3a000-7f3dd0d53000 r--s 001ae000 fc:00 1705605                    /home/efuentesp/.gvm/grails/2.4.3/lib/org.aspectj/aspectjweaver/jars/aspectjweaver-1.8.1.jar
7f3dd0d53000-7f3dd0d57000 r--s 00023000 fc:00 1706955                    /home/efuentesp/.gvm/grails/2.4.3/dist/grails-web-url-mappings-2.4.3.jar
7f3dd0d57000-7f3dd0d5b000 r--s 00024000 fc:00 1706892                    /home/efuentesp/.gvm/grails/2.4.3/dist/grails-web-jsp-2.4.3.jar
7f3dd0d5b000-7f3dd0d5d000 r--s 0000f000 fc:00 1705423                    /home/efuentesp/.gvm/grails/2.4.3/lib/commons-fileupload/commons-fileupload/jars/commons-fileupload-1.3.1.jar
7f3dd0d5d000-7f3dd0d5f000 r--s 0000b000 fc:00 1705837                    /home/efuentesp/.gvm/grails/2.4.3/lib/org.springframework/spring-aspects/jars/spring-aspects-4.0.6.RELEASE.jar
7f3dd0d5f000-7f3dd0d6b000 r--s 00096000 fc:00 1705891                    /home/efuentesp/.gvm/grails/2.4.3/lib/org.springframework/spring-webmvc/jars/spring-webmvc-4.0.6.RELEASE.jar
7f3dd0d6b000-7f3dd0d6f000 r--s 0001e000 fc:00 1705852                    /home/efuentesp/.gvm/grails/2.4.3/lib/org.springframework/spring-context-support/jars/spring-context-support-4.0.6.RELEASE.jar
7f3dd0d6f000-7f3dd0d74000 r--s 00030000 fc:00 1706766                    /home/efuentesp/.gvm/grails/2.4.3/dist/grails-web-common-2.4.3.jar
7f3dd0d74000-7f3dd0d76000 r--s 00009000 fc:00 1706913                    /home/efuentesp/.gvm/grails/2.4.3/dist/grails-web-mvc-2.4.3.jar
7f3dd0d76000-7f3dd0d78000 r--s 00013000 fc:00 1706157                    /home/efuentesp/.gvm/grails/2.4.3/dist/grails-databinding-2.4.3.jar
7f3dd0dac000-7f3dd0dad000 rw-p 00000000 00:00 0 
7f3dd0dad000-7f3dd0dae000 r-xp 00000000 00:00 0 
7f3dd0dae000-7f3dd0db5000 r--s 00000000 fc:00 539039                     /usr/lib/x86_64-linux-gnu/gconv/gconv-modules.cache
7f3dd0db5000-7f3dd0dba000 r--s 00050000 fc:00 1705622                    /home/efuentesp/.gvm/grails/2.4.3/lib/org.codehaus.gant/gant_groovy1.8/jars/gant_groovy1.8-1.9.6.jar
7f3dd0dba000-7f3dd0dc5000 r--s 0037c000 fc:00 539629                     /usr/lib/jvm/java-7-oracle/jre/lib/charsets.jar
7f3dd0dc5000-7f3dd0dc8000 r--s 00012000 fc:00 1705472                    /home/efuentesp/.gvm/grails/2.4.3/lib/javax.servlet/javax.servlet-api/jars/javax.servlet-api-3.0.1.jar
7f3dd0dc8000-7f3dd0dcd000 r--s 00040000 fc:00 1706619                    /home/efuentesp/.gvm/grails/2.4.3/dist/grails-project-api-2.4.3.jar
7f3dd0dcd000-7f3dd0dd2000 r--s 00034000 fc:00 1833609                    /home/efuentesp/.m2/repository/commons-beanutils/commons-beanutils/1.8.3/commons-beanutils-1.8.3.jar
7f3dd0dd2000-7f3dd0ddb000 r--s 00051000 fc:00 1598249                    /home/efuentesp/.m2/repository/org/apache/shiro/shiro-core/1.2.2/shiro-core-1.2.2.jar
7f3dd0ddb000-7f3dd0ddc000 r--s 00003000 fc:00 1839666                    /home/efuentesp/.m2/repository/org/apache/shiro/shiro-ehcache/1.2.2/shiro-ehcache-1.2.2.jar
7f3dd0ddc000-7f3dd0dde000 r--s 00005000 fc:00 1839663                    /home/efuentesp/.m2/repository/org/apache/shiro/shiro-spring/1.2.2/shiro-spring-1.2.2.jar
7f3dd0dde000-7f3dd0de1000 r--s 00020000 fc:00 1453516                    /home/efuentesp/.m2/repository/org/apache/shiro/shiro-web/1.2.2/shiro-web-1.2.2.jar
7f3dd0de1000-7f3dd0de8000 r--s 00066000 fc:00 1839669                    /home/efuentesp/.m2/repository/org/opensymphony/quartz/quartz/1.6.1/quartz-1.6.1.jar
7f3dd0de8000-7f3dd0de9000 r--s 00002000 fc:00 1839667                    /home/efuentesp/.m2/repository/org/apache/shiro/shiro-quartz/1.2.2/shiro-quartz-1.2.2.jar
7f3dd0de9000-7f3dd0dfa000 r--s 000d2000 fc:00 262311                     /home/efuentesp/.m2/repository/org/liquibase/liquibase-core/2.0.5/liquibase-core-2.0.5.jar
7f3dd0dfa000-7f3dd0dfe000 r--s 0000c000 fc:00 262310                     /home/efuentesp/.m2/repository/javax/validation/validation-api/1.1.0.Final/validation-api-1.1.0.Final.jar
7f3dd0dfe000-7f3dd0e04000 r--s 0004c000 fc:00 1705744                    /home/efuentesp/.gvm/grails/2.4.3/lib/org.grails/grails-datastore-simple/jars/grails-datastore-simple-3.1.2.RELEASE.jar
7f3dd0e04000-7f3dd0e09000 r--s 00048000 fc:00 262307                     /home/efuentesp/.m2/repository/dom4j/dom4j/1.6.1/dom4j-1.6.1.jar
7f3dd0e09000-7f3dd0e0a000 r--s 00002000 fc:00 262306                     /home/efuentesp/.m2/repository/org/jboss/logging/jboss-logging-annotations/1.2.0.Beta1/jboss-logging-annotations-1.2.0.Beta1.jar
7f3dd0e0a000-7f3dd0e0d000 r--s 00010000 fc:00 262303                     /home/efuentesp/.m2/repository/org/hibernate/common/hibernate-commons-annotations/4.0.4.Final/hibernate-commons-annotations-4.0.4.Final.jar
7f3dd0e0d000-7f3dd0e0f000 r--s 0000a000 fc:00 262301                     /home/efuentesp/.m2/repository/org/grails/grails-datastore-gorm-plugin-support/3.1.2.RELEASE/grails-datastore-gorm-plugin-support-3.1.2.RELEASE.jar
7f3dd0e0f000-7f3dd0e17000 r--s 00052000 fc:00 262299                     /home/efuentesp/.m2/repository/org/springframework/spring-orm/4.0.6.RELEASE/spring-orm-4.0.6.RELEASE.jar
7f3dd0e17000-7f3dd0e1d000 r--s 00041000 fc:00 262297                     /home/efuentesp/.m2/repository/org/grails/grails-datastore-gorm-hibernate-core/3.1.2.RELEASE/grails-datastore-gorm-hibernate-core-3.1.2.RELEASE.jar
7f3dd0e1d000-7f3dd0e25000 r--s 00062000 fc:00 262296                     /home/efuentesp/.m2/repository/org/grails/grails-datastore-gorm-hibernate4/3.1.2.RELEASE/grails-datastore-gorm-hibernate4-3.1.2.RELEASE.jar
7f3dd0e25000-7f3dd0e2f000 r--s 00081000 fc:00 1705741                    /home/efuentesp/.gvm/grails/2.4.3/lib/org.grails/grails-datastore-gorm/jars/grails-datastore-gorm-3.1.2.RELEASE.jar
7f3dd0e2f000-7f3dd0e3a000 r--s 00053000 fc:00 1705738                    /home/efuentesp/.gvm/grails/2.4.3/lib/org.grails/grails-datastore-core/jars/grails-datastore-core-3.1.2.RELEASE.jar
7f3dd0e3a000-7f3dd0e3c000 r--s 0000d000 fc:00 262293                     /home/efuentesp/.m2/repository/org/jboss/logging/jboss-logging/3.1.0.GA/jboss-logging-3.1.0.GA.jar
7f3dd0e3c000-7f3dd0e52000 r--s 000e6000 fc:00 262291                     /home/efuentesp/.m2/repository/net/sf/ehcache/ehcache-core/2.4.8/ehcache-core-2.4.8.jar
7f3dd0e52000-7f3dd0e54000 r--s 00011000 fc:00 262290                     /home/efuentesp/.m2/repository/org/jboss/jandex/1.1.0.Final/jandex-1.1.0.Final.jar
7f3dd0e54000-7f3dd0e59000 r--s 00068000 fc:00 262288                     /home/efuentesp/.m2/repository/antlr/antlr/2.7.7/antlr-2.7.7.jar
7f3dd0e59000-7f3dd0e5a000 r--s 00006000 fc:00 262285                     /home/efuentesp/.m2/repository/org/jboss/spec/javax/transaction/jboss-transaction-api_1.2_spec/1.0.0.Final/jboss-transaction-api_1.2_spec-1.0.0.Final.jar
7f3dd0e5a000-7f3dd0eb7000 r--s 004a0000 fc:00 262284                     /home/efuentesp/.m2/repository/org/hibernate/hibernate-core/4.3.5.Final/hibernate-core-4.3.5.Final.jar
7f3dd0eb7000-7f3dd0ebb000 r--s 0001e000 fc:00 262281                     /home/efuentesp/.m2/repository/org/hibernate/hibernate-ehcache/4.3.5.Final/hibernate-ehcache-4.3.5.Final.jar
7f3dd0ebb000-7f3dd0ebd000 r--s 0000d000 fc:00 262279                     /home/efuentesp/.m2/repository/com/fasterxml/classmate/1.0.0/classmate-1.0.0.jar
7f3dd0ebd000-7f3dd0eca000 r--s 00080000 fc:00 262273                     /home/efuentesp/.m2/repository/org/hibernate/hibernate-validator/5.0.3.Final/hibernate-validator-5.0.3.Final.jar
7f3dd0eca000-7f3dd0ece000 r--s 00027000 fc:00 1705427                    /home/efuentesp/.gvm/grails/2.4.3/lib/commons-io/commons-io/jars/commons-io-2.2.jar
7f3dd0ece000-7f3dd0edb000 r--s 00109000 fc:00 262277                     /home/efuentesp/.m2/repository/org/mozilla/rhino/1.7R4/rhino-1.7R4.jar
7f3dd0edb000-7f3dd0ee4000 r--s 000a5000 fc:00 262267                     /home/efuentesp/.m2/repository/org/javassist/javassist/3.17.1-GA/javassist-3.17.1-GA.jar
7f3dd0ee4000-7f3dd0eec000 r--s 000cf000 fc:00 1709030                    /home/efuentesp/.m2/repository/mysql/mysql-connector-java/5.1.29/mysql-connector-java-5.1.29.jar
7f3dd0eec000-7f3dd0eef000 r--s 00083000 fc:00 1706640                    /home/efuentesp/.gvm/grails/2.4.3/dist/grails-resources-2.4.3.jar
7f3dd0eef000-7f3dd0efc000 r--s 00189000 fc:00 1705394                    /home/efuentesp/.gvm/grails/2.4.3/lib/com.h2database/h2/jars/h2-1.3.176.jar
7f3dd0efc000-7f3dd0efe000 r--s 0000e000 fc:00 1706472                    /home/efuentesp/.gvm/grails/2.4.3/dist/grails-plugin-mimetypes-2.4.3.jar
7f3dd0efe000-7f3dd0f02000 r--s 00021000 fc:00 1706304                    /home/efuentesp/.gvm/grails/2.4.3/dist/grails-plugin-converters-2.4.3.jar
7f3dd0f02000-7f3dd0f05000 r--s 00018000 fc:00 1706367                    /home/efuentesp/.gvm/grails/2.4.3/dist/grails-plugin-domain-class-2.4.3.jar
7f3dd0f05000-7f3dd0f06000 r--s 0000e000 fc:00 1705643                    /home/efuentesp/.gvm/grails/2.4.3/lib/org.codehaus.jsr166-mirror/jsr166y/jars/jsr166y-1.7.0.jar
7f3dd0f06000-7f3dd0f22000 r--s 00136000 fc:00 1705629                    /home/efuentesp/.gvm/grails/2.4.3/lib/org.codehaus.gpars/gpars/jars/gpars-1.2.1.jar
7f3dd0f22000-7f3dd0f24000 r--s 00011000 fc:00 1706094                    /home/efuentesp/.gvm/grails/2.4.3/dist/grails-async-2.4.3.jar
7f3dd0f24000-7f3dd0f26000 r--s 0000e000 fc:00 1706241                    /home/efuentesp/.gvm/grails/2.4.3/dist/grails-plugin-async-2.4.3.jar
7f3dd0f26000-7f3dd0f2a000 r--s 00028000 fc:00 1705438                    /home/efuentesp/.gvm/grails/2.4.3/lib/commons-validator/commons-validator/jars/commons-validator-1.4.0.jar
7f3dd0f2a000-7f3dd0f2d000 r--s 00012000 fc:00 1706724                    /home/efuentesp/.gvm/grails/2.4.3/dist/grails-validation-2.4.3.jar
7f3dd0f2d000-7f3dd0f31000 r--s 00019000 fc:00 1596722                    /home/efuentesp/.gvm/grails/2.4.3/lib/com.googlecode.concurrentlinkedhashmap/concurrentlinkedhashmap-lru/jars/concurrentlinkedhashmap-lru-1.4.jar
7f3dd0f31000-7f3dd0f33000 r--s 0000e000 fc:00 1706577                    /home/efuentesp/.gvm/grails/2.4.3/dist/grails-plugin-url-mappings-2.4.3.jar
7f3dd0f33000-7f3dd0f34000 r--s 00006000 fc:00 1706535                    /home/efuentesp/.gvm/grails/2.4.3/dist/grails-plugin-servlets-2.4.3.jar
7f3dd0f34000-7f3dd0f3b000 r--s 00036000 fc:00 1705882                    /home/efuentesp/.gvm/grails/2.4.3/lib/org.springframework/spring-tx/jars/spring-tx-4.0.6.RELEASE.jar
7f3dd0f3b000-7f3dd0f3d000 r--s 00009000 fc:00 1706514                    /home/efuentesp/.gvm/grails/2.4.3/dist/grails-plugin-services-2.4.3.jar
7f3dd0f3d000-7f3dd0f3e000 r--s 00001000 fc:00 1705788                    /home/efuentesp/.gvm/grails/2.4.3/lib/org.slf4j/jul-to-slf4j/jars/jul-to-slf4j-1.7.5.jar
7f3dd0f3e000-7f3dd0f3f000 r--s 00000000 fc:00 1706220                    /home/efuentesp/.gvm/grails/2.4.3/dist/grails-logging-2.4.3.jar
7f3dd0f3f000-7f3dd0f4e000 r--s 00096000 fc:00 1705888                    /home/efuentesp/.gvm/grails/2.4.3/lib/org.springframework/spring-web/jars/spring-web-4.0.6.RELEASE.jar
7f3dd0f4e000-7f3dd0f50000 r--s 0001d000 fc:00 1706787                    /home/efuentesp/.gvm/grails/2.4.3/dist/grails-web-databinding-2.4.3.jar
7f3dd0f50000-7f3dd0f56000 r--s 00027000 fc:00 1705511                    /home/efuentesp/.gvm/grails/2.4.3/lib/opensymphony/sitemesh/jars/sitemesh-2.4.jar
7f3dd0f56000-7f3dd0f58000 r--s 0000b000 fc:00 1706934                    /home/efuentesp/.gvm/grails/2.4.3/dist/grails-web-sitemesh-2.4.3.jar
7f3dd0f58000-7f3dd0f5a000 r--s 00009000 fc:00 1706745                    /home/efuentesp/.gvm/grails/2.4.3/dist/grails-web-2.4.3.jar
7f3dd0f5a000-7f3dd0f5f000 r--s 0002a000 fc:00 1596701                    /home/efuentesp/.gvm/grails/2.4.3/lib/com.google.code.gson/gson/jars/gson-2.2.4.jar
7f3dd0f5f000-7f3dd0f64000 r--s 0002e000 fc:00 1705864                    /home/efuentesp/.gvm/grails/2.4.3/lib/org.springframework/spring-expression/jars/spring-expression-4.0.6.RELEASE.jar
7f3dd0f64000-7f3dd0f6d000 r--s 0004e000 fc:00 1705834                    /home/efuentesp/.gvm/grails/2.4.3/lib/org.springframework/spring-aop/jars/spring-aop-4.0.6.RELEASE.jar
7f3dd0f6d000-7f3dd0f84000 r--s 000d8000 fc:00 1705849                    /home/efuentesp/.gvm/grails/2.4.3/lib/org.springframework/spring-context/jars/spring-context-4.0.6.RELEASE.jar
7f3dd0f84000-7f3dd0f8e000 r--s 0005e000 fc:00 1705870                    /home/efuentesp/.gvm/grails/2.4.3/lib/org.springframework/spring-jdbc/jars/spring-jdbc-4.0.6.RELEASE.jar
7f3dd0f8e000-7f3dd0f90000 r--s 00008000 fc:00 1705589                    /home/efuentesp/.gvm/grails/2.4.3/lib/org.apache.tomcat/tomcat-juli/jars/tomcat-juli-7.0.50.jar
7f3dd0f90000-7f3dd0f92000 r--s 0001d000 fc:00 1705584                    /home/efuentesp/.gvm/grails/2.4.3/lib/org.apache.tomcat/tomcat-jdbc/jars/tomcat-jdbc-7.0.50.jar
7f3dd0f92000-7f3dd0f94000 r--s 0000d000 fc:00 1706346                    /home/efuentesp/.gvm/grails/2.4.3/dist/grails-plugin-datasource-2.4.3.jar
7f3dd0f94000-7f3dd0f97000 r--s 00038000 fc:00 1706493                    /home/efuentesp/.gvm/grails/2.4.3/dist/grails-plugin-rest-2.4.3.jar
7f3dd0f97000-7f3dd0fa1000 r--s 00251000 fc:00 539841                     /usr/lib/jvm/java-7-oracle/jre/lib/resources.jar
7f3dd0fa1000-7f3dd0fa2000 r--s 00000000 fc:00 1706829                    /home/efuentesp/.gvm/grails/2.4.3/dist/grails-web-fileupload-2.4.3.jar
7f3dd0fa2000-7f3dd0fa5000 ---p 00000000 00:00 0 
7f3dd0fa5000-7f3dd10a3000 rw-p 00000000 00:00 0                          [stack:24882]
7f3dd10a3000-7f3dd10b3000 r-xp 00000000 fc:00 672855                     /usr/lib/jvm/java-7-oracle/jre/lib/amd64/libnio.so
7f3dd10b3000-7f3dd12b3000 ---p 00010000 fc:00 672855                     /usr/lib/jvm/java-7-oracle/jre/lib/amd64/libnio.so
7f3dd12b3000-7f3dd12b4000 rw-p 00010000 fc:00 672855                     /usr/lib/jvm/java-7-oracle/jre/lib/amd64/libnio.so
7f3dd12b4000-7f3dd12b6000 r--s 00001000 fc:00 539843                     /usr/lib/jvm/java-7-oracle/jre/lib/ext/dnsns.jar
7f3dd12b6000-7f3dd12cc000 r-xp 00000000 fc:00 672842                     /usr/lib/jvm/java-7-oracle/jre/lib/amd64/libnet.so
7f3dd12cc000-7f3dd14cc000 ---p 00016000 fc:00 672842                     /usr/lib/jvm/java-7-oracle/jre/lib/amd64/libnet.so
7f3dd14cc000-7f3dd14cd000 rw-p 00016000 fc:00 672842                     /usr/lib/jvm/java-7-oracle/jre/lib/amd64/libnet.so
7f3dd14cd000-7f3dd14d0000 ---p 00000000 00:00 0 
7f3dd14d0000-7f3dd15ce000 rw-p 00000000 00:00 0                          [stack:24871]
7f3dd15ce000-7f3dd15cf000 r-xp 00000000 fc:00 1455389                    /tmp/libjansi-64-5609519306033168433.so
7f3dd15cf000-7f3dd17ce000 ---p 00001000 fc:00 1455389                    /tmp/libjansi-64-5609519306033168433.so
7f3dd17ce000-7f3dd17cf000 rw-p 00000000 fc:00 1455389                    /tmp/libjansi-64-5609519306033168433.so
7f3dd17cf000-7f3dd17d2000 ---p 00000000 00:00 0 
7f3dd17d2000-7f3dd1808000 rw-p 00000000 00:00 0 
7f3dd1808000-7f3dd180c000 r--s 0008a000 fc:00 539833                     /usr/lib/jvm/java-7-oracle/jre/lib/jsse.jar
7f3dd180c000-7f3dd180d000 ---p 00000000 00:00 0 
7f3dd180d000-7f3dd190d000 rw-p 00000000 00:00 0                          [stack:24854]
7f3dd190d000-7f3dd1910000 ---p 00000000 00:00 0 
7f3dd1910000-7f3dd1a0e000 rw-p 00000000 00:00 0                          [stack:24853]
7f3dd1a0e000-7f3dd1a11000 ---p 00000000 00:00 0 
7f3dd1a11000-7f3dd1b0f000 rw-p 00000000 00:00 0                          [stack:24852]
7f3dd1b0f000-7f3dd1b12000 ---p 00000000 00:00 0 
7f3dd1b12000-7f3dd1c10000 rw-p 00000000 00:00 0                          [stack:24851]
7f3dd1c10000-7f3dd1c16000 r--s 0005f000 fc:00 1705897                    /home/efuentesp/.gvm/grails/2.4.3/lib/org.springframework/springloaded/jars/springloaded-1.2.0.RELEASE.jar
7f3dd1c16000-7f3dd1c17000 r--s 00013000 fc:00 674039                     /home/efuentesp/development/grails/didactic/target/work/plugins/tomcat-7.0.55/grails-plugin-tomcat-7.0.55.jar
7f3dd1c17000-7f3dd1c27000 r--s 0019c000 fc:00 261896                     /home/efuentesp/.m2/repository/org/eclipse/jdt/core/compiler/ecj/3.7.2/ecj-3.7.2.jar
7f3dd1c27000-7f3dd1c49000 r--s 0026b000 fc:00 261899                     /home/efuentesp/.m2/repository/org/apache/tomcat/embed/tomcat-embed-core/7.0.55/tomcat-embed-core-7.0.55.jar
7f3dd1c49000-7f3dd1c4e000 r--s 0002f000 fc:00 261894                     /home/efuentesp/.m2/repository/org/apache/tomcat/embed/tomcat-embed-websocket/7.0.55/tomcat-embed-websocket-7.0.55.jar
7f3dd1c4e000-7f3dd1c50000 r--s 00013000 fc:00 261892                     /home/efuentesp/.m2/repository/org/apache/tomcat/embed/tomcat-embed-logging-log4j/7.0.55/tomcat-embed-logging-log4j-7.0.55.jar
7f3dd1c50000-7f3dd1c53000 r--s 00028000 fc:00 261888                     /home/efuentesp/.m2/repository/org/apache/tomcat/embed/tomcat-embed-el/7.0.55/tomcat-embed-el-7.0.55.jar
7f3dd1c53000-7f3dd1c5c000 r--s 0009f000 fc:00 261891                     /home/efuentesp/.m2/repository/org/apache/tomcat/embed/tomcat-embed-jasper/7.0.55/tomcat-embed-jasper-7.0.55.jar
7f3dd1c5c000-7f3dd1c5e000 r--s 0000c000 fc:00 261886                     /home/efuentesp/.m2/repository/org/apache/tomcat/tomcat-catalina-ant/7.0.55/tomcat-catalina-ant-7.0.55.jar
7f3dd1c5e000-7f3dd1c60000 r--s 0001a000 fc:00 1705734                    /home/efuentesp/.gvm/grails/2.4.3/lib/org.fusesource.jansi/jansi/jars/jansi-1.11.jar
7f3dd1c60000-7f3dd1c75000 r--s 00116000 fc:00 1705541                    /home/efuentesp/.gvm/grails/2.4.3/lib/org.apache.ivy/ivy/jars/ivy-2.3.0.jar
7f3dd1c75000-7f3dd1c93000 r--s 001bd000 fc:00 1705515                    /home/efuentesp/.gvm/grails/2.4.3/lib/org.apache.ant/ant/jars/ant-1.8.4.jar
7f3dd1c93000-7f3dd1cfe000 r--s 00685000 fc:00 1705636                    /home/efuentesp/.gvm/grails/2.4.3/lib/org.codehaus.groovy/groovy-all/jars/groovy-all-2.3.6.jar
7f3dd1cfe000-7f3dd1d69000 r--s 00e22000 fc:00 673505                     /usr/lib/jvm/java-7-oracle/lib/tools.jar
7f3dd1d69000-7f3dd1d6c000 ---p 00000000 00:00 0 
7f3dd1d6c000-7f3dd1e6a000 rw-p 00000000 00:00 0                          [stack:24848]
7f3dd1e6a000-7f3dd2133000 r--p 00000000 fc:00 528555                     /usr/lib/locale/locale-archive
7f3dd2133000-7f3dd2136000 ---p 00000000 00:00 0 
7f3dd2136000-7f3dd2234000 rw-p 00000000 00:00 0                          [stack:24847]
7f3dd2234000-7f3dd2237000 ---p 00000000 00:00 0 
7f3dd2237000-7f3dd2335000 rw-p 00000000 00:00 0                          [stack:24846]
7f3dd2335000-7f3dd2336000 ---p 00000000 00:00 0 
7f3dd2336000-7f3dd2481000 rw-p 00000000 00:00 0                          [stack:24845]
7f3dd2481000-7f3dd2640000 r--s 039e5000 fc:00 539771                     /usr/lib/jvm/java-7-oracle/jre/lib/rt.jar
7f3dd2640000-7f3dd2749000 rw-p 00000000 00:00 0 
7f3dd2749000-7f3dd2792000 rw-p 00000000 00:00 0 
7f3dd2792000-7f3dd2851000 rw-p 00000000 00:00 0 
7f3dd2851000-7f3dd2893000 rw-p 00000000 00:00 0 
7f3dd2893000-7f3dd28f3000 rw-p 00000000 00:00 0 
7f3dd28f3000-7f3dd2913000 rw-p 00000000 00:00 0 
7f3dd2913000-7f3dd29d2000 rw-p 00000000 00:00 0 
7f3dd29d2000-7f3dd2a13000 rw-p 00000000 00:00 0 
7f3dd2a13000-7f3dd2a4b000 rw-p 00000000 00:00 0 
7f3dd2a4b000-7f3dd2a93000 rw-p 00000000 00:00 0 
7f3dd2a93000-7f3dd2a94000 rw-p 00000000 00:00 0 
7f3dd2a94000-7f3dd2aae000 r-xp 00000000 fc:00 672825                     /usr/lib/jvm/java-7-oracle/jre/lib/amd64/libzip.so
7f3dd2aae000-7f3dd2cae000 ---p 0001a000 fc:00 672825                     /usr/lib/jvm/java-7-oracle/jre/lib/amd64/libzip.so
7f3dd2cae000-7f3dd2caf000 rw-p 0001a000 fc:00 672825                     /usr/lib/jvm/java-7-oracle/jre/lib/amd64/libzip.so
7f3dd2caf000-7f3dd2cba000 r-xp 00000000 fc:00 670303                     /lib/x86_64-linux-gnu/libnss_files-2.19.so
7f3dd2cba000-7f3dd2eb9000 ---p 0000b000 fc:00 670303                     /lib/x86_64-linux-gnu/libnss_files-2.19.so
7f3dd2eb9000-7f3dd2eba000 r--p 0000a000 fc:00 670303                     /lib/x86_64-linux-gnu/libnss_files-2.19.so
7f3dd2eba000-7f3dd2ebb000 rw-p 0000b000 fc:00 670303                     /lib/x86_64-linux-gnu/libnss_files-2.19.so
7f3dd2ebb000-7f3dd2ec6000 r-xp 00000000 fc:00 670287                     /lib/x86_64-linux-gnu/libnss_nis-2.19.so
7f3dd2ec6000-7f3dd30c5000 ---p 0000b000 fc:00 670287                     /lib/x86_64-linux-gnu/libnss_nis-2.19.so
7f3dd30c5000-7f3dd30c6000 r--p 0000a000 fc:00 670287                     /lib/x86_64-linux-gnu/libnss_nis-2.19.so
7f3dd30c6000-7f3dd30c7000 rw-p 0000b000 fc:00 670287                     /lib/x86_64-linux-gnu/libnss_nis-2.19.so
7f3dd30c7000-7f3dd30de000 r-xp 00000000 fc:00 670305                     /lib/x86_64-linux-gnu/libnsl-2.19.so
7f3dd30de000-7f3dd32dd000 ---p 00017000 fc:00 670305                     /lib/x86_64-linux-gnu/libnsl-2.19.so
7f3dd32dd000-7f3dd32de000 r--p 00016000 fc:00 670305                     /lib/x86_64-linux-gnu/libnsl-2.19.so
7f3dd32de000-7f3dd32df000 rw-p 00017000 fc:00 670305                     /lib/x86_64-linux-gnu/libnsl-2.19.so
7f3dd32df000-7f3dd32e1000 rw-p 00000000 00:00 0 
7f3dd32e1000-7f3dd32ea000 r-xp 00000000 fc:00 670298                     /lib/x86_64-linux-gnu/libnss_compat-2.19.so
7f3dd32ea000-7f3dd34e9000 ---p 00009000 fc:00 670298                     /lib/x86_64-linux-gnu/libnss_compat-2.19.so
7f3dd34e9000-7f3dd34ea000 r--p 00008000 fc:00 670298                     /lib/x86_64-linux-gnu/libnss_compat-2.19.so
7f3dd34ea000-7f3dd34eb000 rw-p 00009000 fc:00 670298                     /lib/x86_64-linux-gnu/libnss_compat-2.19.so
7f3dd34eb000-7f3dd34f5000 r-xp 00000000 fc:00 672818                     /usr/lib/jvm/java-7-oracle/jre/lib/amd64/libinstrument.so
7f3dd34f5000-7f3dd36f4000 ---p 0000a000 fc:00 672818                     /usr/lib/jvm/java-7-oracle/jre/lib/amd64/libinstrument.so
7f3dd36f4000-7f3dd36f5000 rw-p 00009000 fc:00 672818                     /usr/lib/jvm/java-7-oracle/jre/lib/amd64/libinstrument.so
7f3dd36f5000-7f3dd371e000 r-xp 00000000 fc:00 672827                     /usr/lib/jvm/java-7-oracle/jre/lib/amd64/libjava.so
7f3dd371e000-7f3dd391e000 ---p 00029000 fc:00 672827                     /usr/lib/jvm/java-7-oracle/jre/lib/amd64/libjava.so
7f3dd391e000-7f3dd3920000 rw-p 00029000 fc:00 672827                     /usr/lib/jvm/java-7-oracle/jre/lib/amd64/libjava.so
7f3dd3920000-7f3dd392d000 r-xp 00000000 fc:00 672848                     /usr/lib/jvm/java-7-oracle/jre/lib/amd64/libverify.so
7f3dd392d000-7f3dd3b2c000 ---p 0000d000 fc:00 672848                     /usr/lib/jvm/java-7-oracle/jre/lib/amd64/libverify.so
7f3dd3b2c000-7f3dd3b2e000 rw-p 0000c000 fc:00 672848                     /usr/lib/jvm/java-7-oracle/jre/lib/amd64/libverify.so
7f3dd3b2e000-7f3dd3b35000 r-xp 00000000 fc:00 670301                     /lib/x86_64-linux-gnu/librt-2.19.so
7f3dd3b35000-7f3dd3d34000 ---p 00007000 fc:00 670301                     /lib/x86_64-linux-gnu/librt-2.19.so
7f3dd3d34000-7f3dd3d35000 r--p 00006000 fc:00 670301                     /lib/x86_64-linux-gnu/librt-2.19.so
7f3dd3d35000-7f3dd3d36000 rw-p 00007000 fc:00 670301                     /lib/x86_64-linux-gnu/librt-2.19.so
7f3dd3d36000-7f3dd3e3b000 r-xp 00000000 fc:00 670302                     /lib/x86_64-linux-gnu/libm-2.19.so
7f3dd3e3b000-7f3dd403a000 ---p 00105000 fc:00 670302                     /lib/x86_64-linux-gnu/libm-2.19.so
7f3dd403a000-7f3dd403b000 r--p 00104000 fc:00 670302                     /lib/x86_64-linux-gnu/libm-2.19.so
7f3dd403b000-7f3dd403c000 rw-p 00105000 fc:00 670302                     /lib/x86_64-linux-gnu/libm-2.19.so
7f3dd403c000-7f3dd4bac000 r-xp 00000000 fc:00 672864                     /usr/lib/jvm/java-7-oracle/jre/lib/amd64/server/libjvm.so
7f3dd4bac000-7f3dd4dab000 ---p 00b70000 fc:00 672864                     /usr/lib/jvm/java-7-oracle/jre/lib/amd64/server/libjvm.so
7f3dd4dab000-7f3dd4e70000 rw-p 00b6f000 fc:00 672864                     /usr/lib/jvm/java-7-oracle/jre/lib/amd64/server/libjvm.so
7f3dd4e70000-7f3dd4eb0000 rw-p 00000000 00:00 0 
7f3dd4eb0000-7f3dd506c000 r-xp 00000000 fc:00 670306                     /lib/x86_64-linux-gnu/libc-2.19.so
7f3dd506c000-7f3dd526b000 ---p 001bc000 fc:00 670306                     /lib/x86_64-linux-gnu/libc-2.19.so
7f3dd526b000-7f3dd526f000 r--p 001bb000 fc:00 670306                     /lib/x86_64-linux-gnu/libc-2.19.so
7f3dd526f000-7f3dd5271000 rw-p 001bf000 fc:00 670306                     /lib/x86_64-linux-gnu/libc-2.19.so
7f3dd5271000-7f3dd5276000 rw-p 00000000 00:00 0 
7f3dd5276000-7f3dd5279000 r-xp 00000000 fc:00 670295                     /lib/x86_64-linux-gnu/libdl-2.19.so
7f3dd5279000-7f3dd5478000 ---p 00003000 fc:00 670295                     /lib/x86_64-linux-gnu/libdl-2.19.so
7f3dd5478000-7f3dd5479000 r--p 00002000 fc:00 670295                     /lib/x86_64-linux-gnu/libdl-2.19.so
7f3dd5479000-7f3dd547a000 rw-p 00003000 fc:00 670295                     /lib/x86_64-linux-gnu/libdl-2.19.so
7f3dd547a000-7f3dd5490000 r-xp 00000000 fc:00 673508                     /usr/lib/jvm/java-7-oracle/lib/amd64/jli/libjli.so
7f3dd5490000-7f3dd5690000 ---p 00016000 fc:00 673508                     /usr/lib/jvm/java-7-oracle/lib/amd64/jli/libjli.so
7f3dd5690000-7f3dd5691000 rw-p 00016000 fc:00 673508                     /usr/lib/jvm/java-7-oracle/lib/amd64/jli/libjli.so
7f3dd5691000-7f3dd56aa000 r-xp 00000000 fc:00 670308                     /lib/x86_64-linux-gnu/libpthread-2.19.so
7f3dd56aa000-7f3dd58a9000 ---p 00019000 fc:00 670308                     /lib/x86_64-linux-gnu/libpthread-2.19.so
7f3dd58a9000-7f3dd58aa000 r--p 00018000 fc:00 670308                     /lib/x86_64-linux-gnu/libpthread-2.19.so
7f3dd58aa000-7f3dd58ab000 rw-p 00019000 fc:00 670308                     /lib/x86_64-linux-gnu/libpthread-2.19.so
7f3dd58ab000-7f3dd58af000 rw-p 00000000 00:00 0 
7f3dd58af000-7f3dd58d2000 r-xp 00000000 fc:00 670294                     /lib/x86_64-linux-gnu/ld-2.19.so
7f3dd58d2000-7f3dd58d5000 r--s 00018000 fc:00 1705518                    /home/efuentesp/.gvm/grails/2.4.3/lib/org.apache.ant/ant-junit/jars/ant-junit-1.8.4.jar
7f3dd58d5000-7f3dd58d6000 r--s 00001000 fc:00 1705524                    /home/efuentesp/.gvm/grails/2.4.3/lib/org.apache.ant/ant-trax/jars/ant-trax-1.7.1.jar
7f3dd58d6000-7f3dd58d7000 r--s 00004000 fc:00 1705521                    /home/efuentesp/.gvm/grails/2.4.3/lib/org.apache.ant/ant-launcher/jars/ant-launcher-1.8.4.jar
7f3dd58d7000-7f3dd58db000 r--s 00031000 fc:00 1705489                    /home/efuentesp/.gvm/grails/2.4.3/lib/jline/jline/jars/jline-2.12.jar
7f3dd58db000-7f3dd58dd000 r--s 00005000 fc:00 1705794                    /home/efuentesp/.gvm/grails/2.4.3/lib/org.slf4j/slf4j-api/jars/slf4j-api-1.7.5.jar
7f3dd58dd000-7f3dd58eb000 r--s 000db000 fc:00 1706115                    /home/efuentesp/.gvm/grails/2.4.3/dist/grails-bootstrap-2.4.3.jar
7f3dd58eb000-7f3dd58f4000 r--s 0006f000 fc:00 1705503                    /home/efuentesp/.gvm/grails/2.4.3/lib/log4j/log4j/jars/log4j-1.2.17.jar
7f3dd58f4000-7f3dd58f7000 r--s 0000d000 fc:00 1706451                    /home/efuentesp/.gvm/grails/2.4.3/dist/grails-plugin-log4j-2.4.3.jar
7f3dd58f7000-7f3dd58f9000 r--s 00013000 fc:00 1705595                    /home/efuentesp/.gvm/grails/2.4.3/lib/org.apache.tomcat.embed/tomcat-embed-logging-log4j/jars/tomcat-embed-logging-log4j-7.0.50.jar
7f3dd58f9000-7f3dd5931000 rw-p 00000000 00:00 0 
7f3dd5931000-7f3dd59b9000 rw-p 00000000 00:00 0 
7f3dd59b9000-7f3dd59bc000 ---p 00000000 00:00 0 
7f3dd59bc000-7f3dd5abe000 rw-p 00000000 00:00 0                          [stack:24844]
7f3dd5abe000-7f3dd5ac3000 r--s 00050000 fc:00 1705622                    /home/efuentesp/.gvm/grails/2.4.3/lib/org.codehaus.gant/gant_groovy1.8/jars/gant_groovy1.8-1.9.6.jar
7f3dd5ac3000-7f3dd5ac5000 r--s 00003000 fc:00 1705782                    /home/efuentesp/.gvm/grails/2.4.3/lib/org.slf4j/jcl-over-slf4j/jars/jcl-over-slf4j-1.7.5.jar
7f3dd5ac5000-7f3dd5acd000 rw-s 00000000 fc:00 1596473                    /tmp/hsperfdata_efuentesp/24841
7f3dd5acd000-7f3dd5ace000 rw-p 00000000 00:00 0 
7f3dd5ace000-7f3dd5acf000 ---p 00000000 00:00 0 
7f3dd5acf000-7f3dd5ad1000 rw-p 00000000 00:00 0 
7f3dd5ad1000-7f3dd5ad2000 r--p 00022000 fc:00 670294                     /lib/x86_64-linux-gnu/ld-2.19.so
7f3dd5ad2000-7f3dd5ad3000 rw-p 00023000 fc:00 670294                     /lib/x86_64-linux-gnu/ld-2.19.so
7f3dd5ad3000-7f3dd5ad4000 rw-p 00000000 00:00 0 
7ffffbdb5000-7ffffbdd7000 rw-p 00000000 00:00 0                          [stack]
7ffffbdfe000-7ffffbe00000 r-xp 00000000 00:00 0                          [vdso]
ffffffffff600000-ffffffffff601000 r-xp 00000000 00:00 0                  [vsyscall]

VM Arguments:
jvm_args: -Dfile.encoding=UTF-8 -Xmx768M -Xms64M -XX:MaxPermSize=256m -Dgrails.fork.parent.process.port=50399 -Dgrails.fork.active=true -Dgrails.build.execution.context=/tmp/didactic8287740668655687282grails-execution-context -Dgrails.home=/home/efuentesp/.gvm/grails/2.4.3 -javaagent:/home/efuentesp/.gvm/grails/2.4.3/lib/org.springframework/springloaded/jars/springloaded-1.2.0.RELEASE.jar -Xverify:none -Dspringloaded.synchronize=true -Djdk.reflect.allowGetCallerClass=true -Dspringloaded=profile=grails;cacheDir=/home/efuentesp/.grails/2.4.3 
java_command: org.grails.plugins.tomcat.fork.ForkedTomcatServer
Launcher Type: SUN_STANDARD

Environment Variables:
JAVA_HOME=/usr/lib/jvm/java-7-oracle
PATH=/home/efuentesp/.rvm/gems/ruby-2.1.2/bin:/home/efuentesp/.rvm/gems/ruby-2.1.2@global/bin:/home/efuentesp/.rvm/rubies/ruby-2.1.2/bin:/home/efuentesp/.nvm/v0.10.29/bin:/home/efuentesp/.gvm/vertx/current/bin:/home/efuentesp/.gvm/springboot/current/bin:/home/efuentesp/.gvm/lazybones/current/bin:/home/efuentesp/.gvm/jbake/current/bin:/home/efuentesp/.gvm/groovyserv/current/bin:/home/efuentesp/.gvm/groovy/current/bin:/home/efuentesp/.gvm/griffon/current/bin:/home/efuentesp/.gvm/grails/current/bin:/home/efuentesp/.gvm/gradle/current/bin:/home/efuentesp/.gvm/glide/current/bin:/home/efuentesp/.gvm/gaiden/current/bin:/home/efuentesp/.gvm/crash/current/bin:/usr/local/sbin:/usr/local/bin:/usr/sbin:/usr/bin:/sbin:/bin:/usr/games:/usr/local/games:/home/efuentesp/.rvm/bin
USERNAME=efuentesp
SHELL=/bin/zsh
DISPLAY=:0

Signal Handlers:
SIGSEGV: [libjvm.so+0x99f4a0], sa_mask[0]=0x7ffbfeff, sa_flags=0x10000004
SIGBUS: [libjvm.so+0x99f4a0], sa_mask[0]=0x7ffbfeff, sa_flags=0x10000004
SIGFPE: [libjvm.so+0x81a860], sa_mask[0]=0x7ffbfeff, sa_flags=0x10000004
SIGPIPE: [libjvm.so+0x81a860], sa_mask[0]=0x7ffbfeff, sa_flags=0x10000004
SIGXFSZ: [libjvm.so+0x81a860], sa_mask[0]=0x7ffbfeff, sa_flags=0x10000004
SIGILL: [libjvm.so+0x81a860], sa_mask[0]=0x7ffbfeff, sa_flags=0x10000004
SIGUSR1: SIG_DFL, sa_mask[0]=0x00000000, sa_flags=0x00000000
SIGUSR2: [libjvm.so+0x81c060], sa_mask[0]=0x00000004, sa_flags=0x10000004
SIGHUP: [libjvm.so+0x81d160], sa_mask[0]=0x7ffbfeff, sa_flags=0x10000004
SIGINT: [libjvm.so+0x81d160], sa_mask[0]=0x7ffbfeff, sa_flags=0x10000004
SIGTERM: [libjvm.so+0x81d160], sa_mask[0]=0x7ffbfeff, sa_flags=0x10000004
SIGQUIT: [libjvm.so+0x81d160], sa_mask[0]=0x7ffbfeff, sa_flags=0x10000004


---------------  S Y S T E M  ---------------

OS:jessie/sid

uname:Linux 3.13.0-32-generic #57-Ubuntu SMP Tue Jul 15 03:51:08 UTC 2014 x86_64
libc:glibc 2.19 NPTL 2.19 
rlimit: STACK 8192k, CORE 0k, NPROC 11527, NOFILE 4096, AS infinity
load average:1.63 1.61 1.44

/proc/meminfo:
MemTotal:        1498008 kB
MemFree:           74412 kB
Buffers:             396 kB
Cached:            36040 kB
SwapCached:        15632 kB
Active:           884672 kB
Inactive:         320444 kB
Active(anon):     875684 kB
Inactive(anon):   304556 kB
Active(file):       8988 kB
Inactive(file):    15888 kB
Unevictable:           0 kB
Mlocked:               0 kB
SwapTotal:       1540092 kB
SwapFree:            268 kB
Dirty:               164 kB
Writeback:             0 kB
AnonPages:       1155576 kB
Mapped:            20372 kB
Shmem:             11404 kB
Slab:              48388 kB
SReclaimable:      21032 kB
SUnreclaim:        27356 kB
KernelStack:        4160 kB
PageTables:        47288 kB
NFS_Unstable:          0 kB
Bounce:                0 kB
WritebackTmp:          0 kB
CommitLimit:     2289096 kB
Committed_AS:   11449232 kB
VmallocTotal:   34359738367 kB
VmallocUsed:       28464 kB
VmallocChunk:   34359703764 kB
HardwareCorrupted:     0 kB
AnonHugePages:    530432 kB
HugePages_Total:       0
HugePages_Free:        0
HugePages_Rsvd:        0
HugePages_Surp:        0
Hugepagesize:       2048 kB
DirectMap4k:       52160 kB
DirectMap2M:     1484800 kB


CPU:total 2 (2 cores per cpu, 1 threads per core) family 6 model 42 stepping 7, cmov, cx8, fxsr, mmx, sse, sse2, sse3, ssse3, tsc

/proc/cpuinfo:
processor	: 0
vendor_id	: GenuineIntel
cpu family	: 6
model		: 42
model name	: Intel(R) Core(TM) i5-2540M CPU @ 2.60GHz
stepping	: 7
cpu MHz		: 2502.228
cache size	: 6144 KB
physical id	: 0
siblings	: 2
core id		: 0
cpu cores	: 2
apicid		: 0
initial apicid	: 0
fpu		: yes
fpu_exception	: yes
cpuid level	: 5
wp		: yes
flags		: fpu vme de pse tsc msr pae mce cx8 apic sep mtrr pge mca cmov pat pse36 clflush mmx fxsr sse sse2 ht syscall nx rdtscp lm constant_tsc rep_good nopl pni ssse3 lahf_lm
bogomips	: 5004.45
clflush size	: 64
cache_alignment	: 64
address sizes	: 36 bits physical, 48 bits virtual
power management:

processor	: 1
vendor_id	: GenuineIntel
cpu family	: 6
model		: 42
model name	: Intel(R) Core(TM) i5-2540M CPU @ 2.60GHz
stepping	: 7
cpu MHz		: 2502.228
cache size	: 6144 KB
physical id	: 0
siblings	: 2
core id		: 1
cpu cores	: 2
apicid		: 1
initial apicid	: 1
fpu		: yes
fpu_exception	: yes
cpuid level	: 5
wp		: yes
flags		: fpu vme de pse tsc msr pae mce cx8 apic sep mtrr pge mca cmov pat pse36 clflush mmx fxsr sse sse2 ht syscall nx rdtscp lm constant_tsc rep_good nopl pni ssse3 lahf_lm
bogomips	: 5004.45
clflush size	: 64
cache_alignment	: 64
address sizes	: 36 bits physical, 48 bits virtual
power management:



Memory: 4k page, physical 1498008k(74164k free), swap 1540092k(284k free)

vm_info: Java HotSpot(TM) 64-Bit Server VM (24.65-b04) for linux-amd64 JRE (1.7.0_67-b01), built on Jul 25 2014 09:20:21 by "java_re" with gcc 4.3.0 20080428 (Red Hat 4.3.0-8)

time: Mon Oct 27 17:09:09 2014
elapsed time: 236 seconds

